\BOOKMARK [0][-]{chapter.1}{\376\377\000I\000n\000t\000r\000o\000d\000u\000c\000c\000i\000\363\000n}{}% 1
\BOOKMARK [1][-]{section.1.1}{\376\377\000O\000b\000j\000e\000t\000i\000v\000o\000s}{chapter.1}% 2
\BOOKMARK [1][-]{section.1.2}{\376\377\000M\000e\000t\000o\000d\000o\000l\000o\000g\000\355\000a}{chapter.1}% 3
\BOOKMARK [2][-]{subsection.1.2.1}{\376\377\000C\000o\000n\000j\000u\000n\000t\000o\000\040\000d\000e\000\040\000d\000a\000t\000o\000s}{section.1.2}% 4
\BOOKMARK [2][-]{subsection.1.2.2}{\376\377\000L\000\355\000n\000e\000a\000\040\000d\000e\000\040\000i\000n\000v\000e\000s\000t\000i\000g\000a\000c\000i\000\363\000n}{section.1.2}% 5
\BOOKMARK [2][-]{subsection.1.2.3}{\376\377\000P\000l\000a\000n\000i\000f\000i\000c\000a\000c\000i\000\363\000n\000\040\000d\000e\000l\000\040\000t\000r\000a\000b\000a\000j\000o}{section.1.2}% 6
\BOOKMARK [2][-]{subsection.1.2.4}{\376\377\000M\000e\000t\000o\000d\000o\000l\000o\000g\000\355\000a\000\040\000d\000e\000\040\000d\000e\000s\000a\000r\000r\000o\000l\000l\000o}{section.1.2}% 7
\BOOKMARK [0][-]{chapter.2}{\376\377\000E\000s\000t\000a\000d\000o\000\040\000d\000e\000l\000\040\000a\000r\000t\000e}{}% 8
\BOOKMARK [1][-]{section.2.1}{\376\377\000R\000e\000v\000i\000s\000i\000\363\000n\000\040\000h\000i\000s\000t\000\363\000r\000i\000c\000a\000\040\000d\000e\000\040\000c\000l\000a\000s\000i\000f\000i\000c\000a\000c\000i\000\363\000n\000\040\000b\000i\000n\000a\000r\000i\000a\000\040\000d\000e\000\040\000t\000u\000m\000o\000r\000e\000s}{chapter.2}% 9
\BOOKMARK [2][-]{subsection.2.1.1}{\376\377\000M\000\351\000t\000o\000d\000o\000s\000\040\000n\000o\000\040\000p\000r\000o\000f\000u\000n\000d\000o\000s}{section.2.1}% 10
\BOOKMARK [2][-]{subsection.2.1.2}{\376\377\000M\000\351\000t\000o\000d\000o\000s\000\040\000b\000a\000s\000a\000d\000o\000s\000\040\000e\000n\000\040\000C\000N\000N}{section.2.1}% 11
\BOOKMARK [1][-]{section.2.2}{\376\377\000R\000e\000v\000i\000s\000i\000\363\000n\000\040\000h\000i\000s\000t\000\363\000r\000i\000c\000a\000\040\000d\000e\000\040\000s\000e\000g\000m\000e\000n\000t\000a\000c\000i\000\363\000n}{chapter.2}% 12
\BOOKMARK [2][-]{subsection.2.2.1}{\376\377\000M\000\351\000t\000o\000d\000o\000s\000\040\000q\000u\000e\000\040\000s\000e\000\040\000e\000n\000f\000o\000c\000a\000n\000\040\000e\000n\000\040\000l\000a\000\040\000a\000r\000q\000u\000i\000t\000e\000c\000t\000u\000r\000a}{section.2.2}% 13
\BOOKMARK [2][-]{subsection.2.2.2}{\376\377\000M\000\351\000t\000o\000d\000o\000s\000\040\000q\000u\000e\000\040\000t\000r\000a\000t\000a\000n\000\040\000e\000l\000\040\000d\000e\000s\000b\000a\000l\000a\000n\000c\000e\000o}{section.2.2}% 14
\BOOKMARK [2][-]{subsection.2.2.3}{\376\377\000M\000\351\000t\000o\000d\000o\000s\000\040\000q\000u\000e\000\040\000t\000r\000a\000t\000a\000n\000\040\000l\000a\000\040\000i\000n\000f\000o\000r\000m\000a\000c\000i\000\363\000n\000\040\000m\000u\000l\000t\000i\000-\000m\000o\000d\000a\000l}{section.2.2}% 15
\BOOKMARK [1][-]{section.2.3}{\376\377\000N\000u\000e\000v\000a\000s\000\040\000e\000n\000f\000o\000q\000u\000e\000s\000\040\000p\000a\000r\000a\000\040\000l\000a\000\040\000s\000e\000g\000m\000e\000n\000t\000a\000c\000i\000\363\000n}{chapter.2}% 16
\BOOKMARK [2][-]{subsection.2.3.1}{\376\377\000B\000a\000s\000a\000d\000o\000s\000\040\000e\000n\000\040\000T\000r\000a\000n\000s\000f\000o\000r\000m\000e\000r\000s}{section.2.3}% 17
\BOOKMARK [2][-]{subsection.2.3.2}{\376\377\000B\000a\000s\000a\000d\000o\000s\000\040\000e\000n\000\040\000a\000p\000r\000e\000n\000d\000i\000z\000a\000j\000e\000\040\000n\000o\000\040\000s\000u\000p\000e\000r\000v\000i\000s\000a\000d\000o}{section.2.3}% 18
\BOOKMARK [0][-]{chapter.3}{\376\377\000M\000e\000t\000o\000d\000o\000l\000o\000g\000\355\000a}{}% 19
\BOOKMARK [1][-]{section.3.1}{\376\377\000A\000n\000\341\000l\000i\000s\000i\000s\000\040\000d\000e\000\040\000l\000o\000s\000\040\000r\000e\000c\000u\000r\000s\000o\000s\000\040\000d\000i\000s\000p\000o\000n\000i\000b\000l\000e\000s}{chapter.3}% 20
\BOOKMARK [1][-]{section.3.2}{\376\377\000P\000r\000e\000p\000r\000o\000c\000e\000s\000a\000d\000o\000\040\000d\000e\000\040\000D\000a\000t\000o\000s}{chapter.3}% 21
\BOOKMARK [2][-]{subsection.3.2.1}{\376\377\000E\000l\000e\000c\000c\000i\000\363\000n\000\040\000d\000e\000\040\000d\000i\000m\000e\000n\000s\000i\000o\000n\000a\000l\000i\000d\000a\000d\000\040\000d\000e\000\040\000l\000a\000s\000\040\000e\000n\000t\000r\000a\000d\000a\000s}{section.3.2}% 22
\BOOKMARK [2][-]{subsection.3.2.2}{\376\377\000N\000o\000r\000m\000a\000l\000i\000z\000a\000d\000o\000\040\000d\000e\000\040\000l\000a\000s\000\040\000i\000m\000\341\000g\000e\000n\000e\000s}{section.3.2}% 23
\BOOKMARK [2][-]{subsection.3.2.3}{\376\377\000R\000e\000c\000o\000r\000t\000a\000d\000o\000\040\000d\000e\000\040\000i\000m\000a\000g\000e\000n}{section.3.2}% 24
\BOOKMARK [2][-]{subsection.3.2.4}{\376\377\000U\000n\000d\000e\000r\000s\000a\000m\000p\000l\000i\000n\000g}{section.3.2}% 25
\BOOKMARK [1][-]{section.3.3}{\376\377\000E\000l\000e\000c\000c\000i\000\363\000n\000\040\000d\000e\000\040\000m\000o\000d\000e\000l\000o\000s}{chapter.3}% 26
\BOOKMARK [2][-]{subsection.3.3.1}{\376\377\000C\000o\000d\000i\000f\000i\000c\000a\000d\000o\000r\000\040\000y\000\040\000r\000e\000p\000r\000e\000s\000e\000n\000t\000a\000c\000i\000\363\000n\000\040\000l\000a\000t\000e\000n\000t\000e}{section.3.3}% 27
\BOOKMARK [2][-]{subsection.3.3.2}{\376\377\000M\000o\000d\000e\000l\000o\000\040\000d\000e\000\040\000c\000l\000a\000s\000i\000f\000i\000c\000a\000c\000i\000\363\000n}{section.3.3}% 28
\BOOKMARK [2][-]{subsection.3.3.3}{\376\377\000M\000o\000d\000e\000l\000o\000\040\000d\000e\000\040\000s\000e\000g\000m\000e\000n\000t\000a\000c\000i\000\363\000n}{section.3.3}% 29
\BOOKMARK [2][-]{subsection.3.3.4}{\376\377\000U\000s\000o\000\040\000d\000e\000\040\000t\000r\000a\000n\000s\000f\000e\000r\000\040\000l\000e\000a\000r\000n\000i\000n\000g}{section.3.3}% 30
\BOOKMARK [1][-]{section.3.4}{\376\377\000D\000i\000s\000e\000\361\000o\000\040\000d\000e\000\040\000l\000a\000s\000\040\000a\000r\000q\000u\000i\000t\000e\000c\000t\000u\000r\000a\000s}{chapter.3}% 31
\BOOKMARK [2][-]{subsection.3.4.1}{\376\377\000F\000u\000n\000c\000i\000\363\000n\000\040\000d\000e\000\040\000a\000c\000t\000i\000v\000a\000c\000i\000\363\000n}{section.3.4}% 32
\BOOKMARK [2][-]{subsection.3.4.2}{\376\377\000N\000o\000r\000m\000a\000l\000i\000z\000a\000c\000i\000\363\000n\000\040\000p\000o\000r\000\040\000l\000o\000t\000e\000s}{section.3.4}% 33
\BOOKMARK [2][-]{subsection.3.4.3}{\376\377\000A\000r\000q\000u\000i\000t\000e\000c\000t\000u\000r\000a\000\040\000p\000a\000r\000a\000\040\000l\000a\000\040\000r\000e\000c\000o\000n\000s\000t\000r\000u\000c\000c\000i\000\363\000n\000\040\000d\000e\000\040\000i\000m\000\341\000g\000e\000n\000e\000s}{section.3.4}% 34
\BOOKMARK [2][-]{subsection.3.4.4}{\376\377\000A\000r\000q\000u\000i\000t\000e\000c\000t\000u\000r\000a\000\040\000p\000a\000r\000a\000\040\000c\000l\000a\000s\000i\000f\000i\000c\000a\000c\000i\000\363\000n}{section.3.4}% 35
\BOOKMARK [2][-]{subsection.3.4.5}{\376\377\000A\000r\000q\000u\000i\000t\000e\000c\000t\000u\000r\000a\000\040\000p\000a\000r\000a\000\040\000s\000e\000g\000m\000e\000n\000t\000a\000c\000i\000\363\000n}{section.3.4}% 36
\BOOKMARK [1][-]{section.3.5}{\376\377\000O\000p\000t\000i\000m\000i\000z\000a\000c\000i\000\363\000n\000\040\000d\000e\000\040\000l\000a\000s\000\040\000a\000r\000q\000u\000i\000t\000e\000c\000t\000u\000r\000a\000s}{chapter.3}% 37
\BOOKMARK [2][-]{subsection.3.5.1}{\376\377\000O\000p\000t\000i\000m\000i\000z\000a\000d\000o\000r}{section.3.5}% 38
\BOOKMARK [2][-]{subsection.3.5.2}{\376\377\000F\000u\000n\000c\000i\000o\000n\000e\000s\000\040\000d\000e\000\040\000p\000\351\000r\000d\000i\000d\000a}{section.3.5}% 39
\BOOKMARK [2][-]{subsection.3.5.3}{\376\377\000O\000n\000e\000-\000C\000y\000c\000l\000e\000\040\000P\000o\000l\000i\000c\000y}{section.3.5}% 40
\BOOKMARK [1][-]{section.3.6}{\376\377\000E\000v\000a\000l\000u\000a\000c\000i\000\363\000n\000\040\000y\000\040\000m\000\351\000t\000r\000i\000c\000a\000s}{chapter.3}% 41
\BOOKMARK [2][-]{subsection.3.6.1}{\376\377\000M\000\351\000t\000r\000i\000c\000a\000s\000\040\000p\000a\000r\000a\000\040\000c\000l\000a\000s\000i\000f\000i\000c\000a\000c\000i\000\363\000n}{section.3.6}% 42
\BOOKMARK [2][-]{subsection.3.6.2}{\376\377\000M\000\351\000t\000r\000i\000c\000a\000s\000\040\000p\000a\000r\000a\000\040\000s\000e\000g\000m\000e\000n\000t\000a\000c\000i\000\363\000n}{section.3.6}% 43
\BOOKMARK [1][-]{section.3.7}{\376\377\000D\000e\000s\000a\000r\000r\000o\000l\000l\000o\000\040\000p\000a\000r\000a\000\040\000l\000a\000\040\000p\000r\000e\000d\000i\000c\000c\000i\000\363\000n\000\040\000d\000e\000\040\000l\000a\000\040\000e\000v\000o\000l\000u\000c\000i\000\363\000n}{chapter.3}% 44
\BOOKMARK [0][-]{chapter.4}{\376\377\000E\000x\000p\000e\000r\000i\000m\000e\000n\000t\000a\000c\000i\000\363\000n}{}% 45
\BOOKMARK [1][-]{section.4.1}{\376\377\000B\000i\000b\000l\000i\000o\000t\000e\000c\000a\000s\000\040\000y\000\040\000d\000e\000s\000a\000r\000r\000o\000l\000l\000o\000\040\000d\000e\000\040\000l\000o\000s\000\040\000e\000x\000p\000e\000r\000i\000m\000e\000n\000t\000o\000s}{chapter.4}% 46
\BOOKMARK [1][-]{section.4.2}{\376\377\000C\000o\000n\000s\000t\000r\000u\000c\000c\000i\000\363\000n\000\040\000d\000e\000l\000\040\000c\000o\000d\000i\000f\000i\000c\000a\000d\000o\000r\000\040\000y\000\040\000r\000e\000p\000r\000e\000s\000e\000n\000t\000a\000c\000i\000\363\000n\000\040\000l\000a\000t\000e\000n\000t\000e}{chapter.4}% 47
\BOOKMARK [2][-]{subsection.4.2.1}{\376\377\000A\000r\000q\000u\000i\000t\000e\000c\000t\000u\000r\000a\000s\000\040\000c\000o\000n\000\040\000c\000o\000n\000e\000x\000i\000o\000n\000e\000s\000\040\000r\000e\000s\000i\000d\000u\000a\000l\000e\000s\000:\000\040\000R\000e\000s\000N\000e\000t\0003\0004}{section.4.2}% 48
\BOOKMARK [2][-]{subsection.4.2.2}{\376\377\000A\000r\000q\000u\000i\000t\000e\000c\000t\000u\000r\000a\000s\000\040\000c\000o\000n\000\040\000f\000i\000l\000t\000r\000o\000s\000\040\000c\000o\000n\000\040\000d\000i\000s\000t\000i\000n\000t\000o\000\040\000t\000a\000m\000a\000\361\000o\000:\000\040\000X\000c\000e\000p\000t\000i\000o\000n}{section.4.2}% 49
\BOOKMARK [1][-]{section.4.3}{\376\377\000C\000l\000a\000s\000i\000f\000i\000c\000a\000c\000i\000\363\000n}{chapter.4}% 50
\BOOKMARK [2][-]{subsection.4.3.1}{\376\377\000E\000n\000t\000r\000e\000n\000a\000m\000i\000e\000n\000t\000o\000\040\000e\000n\000\040\000c\000l\000a\000s\000i\000f\000i\000c\000a\000c\000i\000\363\000n}{section.4.3}% 51
\BOOKMARK [2][-]{subsection.4.3.2}{\376\377\000V\000a\000l\000i\000d\000a\000c\000i\000\363\000n\000\040\000e\000n\000\040\000c\000l\000a\000s\000i\000f\000i\000c\000a\000c\000i\000\363\000n}{section.4.3}% 52
\BOOKMARK [2][-]{subsection.4.3.3}{\376\377\000C\000o\000m\000p\000a\000r\000a\000t\000i\000v\000a\000\040\000d\000e\000\040\000c\000l\000a\000s\000i\000f\000i\000c\000a\000c\000i\000\363\000n\000\040\000c\000o\000n\000\040\000e\000l\000\040\000e\000s\000t\000a\000d\000o\000\040\000d\000e\000l\000\040\000a\000r\000t\000e}{section.4.3}% 53
\BOOKMARK [1][-]{section.4.4}{\376\377\000S\000e\000g\000m\000e\000n\000t\000a\000c\000i\000\363\000n}{chapter.4}% 54
\BOOKMARK [2][-]{subsection.4.4.1}{\376\377\000E\000n\000t\000r\000e\000n\000a\000m\000i\000e\000n\000t\000o\000\040\000e\000n\000\040\000s\000e\000g\000m\000e\000n\000t\000a\000c\000i\000\363\000n}{section.4.4}% 55
\BOOKMARK [2][-]{subsection.4.4.2}{\376\377\000V\000a\000l\000i\000d\000a\000c\000i\000\363\000n\000\040\000e\000n\000\040\000s\000e\000g\000m\000e\000n\000t\000a\000c\000i\000\363\000n}{section.4.4}% 56
\BOOKMARK [2][-]{subsection.4.4.3}{\376\377\000C\000o\000m\000p\000a\000r\000a\000t\000i\000v\000a\000\040\000d\000e\000\040\000s\000e\000g\000m\000e\000n\000t\000a\000c\000i\000\363\000n\000\040\000c\000o\000n\000\040\000e\000l\000\040\000e\000s\000t\000a\000d\000o\000\040\000d\000e\000l\000\040\000a\000r\000t\000e}{section.4.4}% 57
\BOOKMARK [0][-]{chapter.5}{\376\377\000C\000o\000n\000c\000l\000u\000s\000i\000o\000n\000e\000s\000\040\000y\000\040\000T\000r\000a\000b\000a\000j\000o\000s\000\040\000F\000u\000t\000u\000r\000o\000s}{}% 58
\BOOKMARK [1][-]{section.5.1}{\376\377\000C\000o\000n\000c\000l\000u\000s\000i\000o\000n\000e\000s\000\040\000d\000e\000l\000\040\000t\000r\000a\000b\000a\000j\000o}{chapter.5}% 59
\BOOKMARK [2][-]{subsection.5.1.1}{\376\377\000R\000e\000s\000u\000l\000t\000a\000d\000o\000s\000\040\000y\000\040\000r\000e\000c\000u\000r\000s\000o\000s}{section.5.1}% 60
\BOOKMARK [2][-]{subsection.5.1.2}{\376\377\000N\000u\000e\000v\000o\000\040\000p\000r\000e\000p\000r\000o\000c\000e\000s\000a\000d\000o\000\040\000e\000n\000\040\000e\000l\000\040\000p\000r\000o\000b\000l\000e\000m\000a}{section.5.1}% 61
\BOOKMARK [2][-]{subsection.5.1.3}{\376\377\000E\000l\000\040\000p\000o\000d\000e\000r\000\040\000d\000e\000\040\000l\000a\000\040\000r\000e\000c\000o\000n\000s\000t\000r\000u\000c\000c\000i\000\363\000n\000\040\000p\000r\000e\000v\000i\000a}{section.5.1}% 62
\BOOKMARK [1][-]{section.5.2}{\376\377\000T\000r\000a\000b\000a\000j\000o\000s\000\040\000f\000u\000t\000u\000r\000o\000s}{chapter.5}% 63
\BOOKMARK [2][-]{subsection.5.2.1}{\376\377\000U\000s\000o\000\040\000d\000e\000\040\000t\000r\000a\000n\000s\000f\000o\000r\000m\000e\000r\000s}{section.5.2}% 64
\BOOKMARK [2][-]{subsection.5.2.2}{\376\377\000U\000n\000i\000f\000i\000c\000a\000c\000i\000\363\000n\000\040\000d\000e\000\040\000a\000r\000q\000u\000i\000t\000e\000c\000t\000u\000r\000a\000s}{section.5.2}% 65
\BOOKMARK [2][-]{subsection.5.2.3}{\376\377\000E\000x\000p\000l\000o\000r\000a\000c\000i\000\363\000n\000\040\000d\000e\000\040\000o\000t\000r\000a\000s\000\040\000t\000\351\000c\000n\000i\000c\000a\000s\000\040\000d\000e\000\040\000a\000p\000r\000e\000n\000d\000i\000z\000a\000j\000e\000\040\000n\000o\000\040\000s\000u\000p\000e\000r\000v\000i\000s\000a\000d\000o}{section.5.2}% 66
\BOOKMARK [0][-]{subsection.5.2.3}{\376\377\000B\000i\000b\000l\000i\000o\000g\000r\000a\000f\000\355\000a}{}% 67
\BOOKMARK [0][-]{appendix*.33}{\376\377\000G\000l\000o\000s\000a\000r\000i\000o}{}% 68
